<?xml version="1.0" encoding="UTF-8"?>
<!-- Generated by org.testng.reporters.JUnitReportReporter -->
<testsuite hostname="SV-21-DEV-007-R" failures="0" tests="11" name="com.qa.testcases.JotForm_Test" time="125.123" errors="0" timestamp="2022-01-16T21:10:06 IST" skipped="0">
  <testcase classname="com.qa.testcases.JotForm_Test" name="verifyJotForm" time="16.573"/>
  <system-out/>
  <testcase classname="com.qa.testcases.JotForm_Test" name="verifyDetails" time="14.369"/>
  <system-out/>
  <testcase classname="com.qa.testcases.JotForm_Test" name="verifyJotForm" time="10.870"/>
  <system-out/>
  <testcase classname="com.qa.testcases.JotForm_Test" name="verifyDetails" time="12.056"/>
  <system-out/>
  <testcase classname="com.qa.testcases.JotForm_Test" name="verifyJotForm" time="9.199"/>
  <system-out/>
  <testcase classname="com.qa.testcases.JotForm_Test" name="verifyDetails" time="10.418"/>
  <system-out/>
  <testcase classname="com.qa.testcases.JotForm_Test" name="verifyDetails" time="11.223"/>
  <system-out/>
  <testcase classname="com.qa.testcases.JotForm_Test" name="getErrorMessages" time="5.457"/>
  <system-out/>
  <testcase classname="com.qa.testcases.JotForm_Test" name="verifyJotForm" time="12.433"/>
  <system-out/>
  <testcase classname="com.qa.testcases.JotForm_Test" name="verifyDetails" time="10.393"/>
  <system-out/>
  <testcase classname="com.qa.testcases.JotForm_Test" name="verifyJotForm" time="12.132"/>
  <system-out/>
</testsuite> <!-- com.qa.testcases.JotForm_Test -->
